srcscan starts
=============== Using vdb files for VHDL std libs ===========
INFO: VHDL library search path for library "std" is now "C:/Xilinx/Vivado/2024.2/data/precomp_hsv/vhdl/std_2008" (VHDL-1505)
INFO: VHDL library search path for library "synopsys" is now "C:/Xilinx/Vivado/2024.2/data/precomp_hsv/vhdl/synopsys_2008" (VHDL-1505)
INFO: VHDL library search path for library "ieee" is now "C:/Xilinx/Vivado/2024.2/data/precomp_hsv/vhdl/ieee_2008" (VHDL-1505)
INFO: VHDL library search path for library "unimacro" is now "C:/Xilinx/Vivado/2024.2/data/precomp_hsv/vhdl/unimacro_2008" (VHDL-1505)
INFO: VHDL library search path for library "unisim" is now "C:/Xilinx/Vivado/2024.2/data/precomp_hsv/vhdl/unisim_2008" (VHDL-1505)
INFO: VHDL library search path for library "vl" is now "C:/Xilinx/Vivado/2024.2/data/precomp_hsv/vhdl/vl_2008" (VHDL-1505)
INFO: VHDL library search path for library "xpm" is now "C:/Xilinx/Vivado/2024.2/data/precomp_hsv/vhdl/xpm_2008" (VHDL-1505)
-- Analyzing VHDL file "C:/Users/Axyom/AppData/Local/Temp/VivadoEditorAssist613526582210894561.tmp" into library xil_defaultlib (VHDL-9003)
INFO: analyzing entity 'axi_lite_reg_interface' (VHDL-1012)
INFO: analyzing architecture 'RTL' of entity 'axi_lite_reg_interface' (VHDL-9006)
-- Analyzing VHDL file "C:/Users/Axyom/AppData/Local/Temp/VivadoEditorAssist18269468637524885585.tmp" into library xil_defaultlib (VHDL-9003)
INFO: analyzing entity 'dma_controller' (VHDL-1012)
C:/Users/Axyom/AppData/Local/Temp/VivadoEditorAssist18269468637524885585.tmp(9): ERROR: 'std_logic' is not declared (VHDL-1241)
C:/Users/Axyom/AppData/Local/Temp/VivadoEditorAssist18269468637524885585.tmp(10): ERROR: 'std_logic' is not declared (VHDL-1241)
C:/Users/Axyom/AppData/Local/Temp/VivadoEditorAssist18269468637524885585.tmp(13): ERROR: 'std_logic' is not declared (VHDL-1241)
C:/Users/Axyom/AppData/Local/Temp/VivadoEditorAssist18269468637524885585.tmp(14): ERROR: 'std_logic' is not declared (VHDL-1241)
C:/Users/Axyom/AppData/Local/Temp/VivadoEditorAssist18269468637524885585.tmp(15): ERROR: 'std_logic_vector' is not declared (VHDL-1241)
C:/Users/Axyom/AppData/Local/Temp/VivadoEditorAssist18269468637524885585.tmp(16): ERROR: 'std_logic_vector' is not declared (VHDL-1241)
C:/Users/Axyom/AppData/Local/Temp/VivadoEditorAssist18269468637524885585.tmp(17): ERROR: 'std_logic_vector' is not declared (VHDL-1241)
C:/Users/Axyom/AppData/Local/Temp/VivadoEditorAssist18269468637524885585.tmp(20): ERROR: 'std_logic' is not declared (VHDL-1241)
C:/Users/Axyom/AppData/Local/Temp/VivadoEditorAssist18269468637524885585.tmp(21): ERROR: 'std_logic' is not declared (VHDL-1241)
C:/Users/Axyom/AppData/Local/Temp/VivadoEditorAssist18269468637524885585.tmp(24): ERROR: 'std_logic' is not declared (VHDL-1241)
C:/Users/Axyom/AppData/Local/Temp/VivadoEditorAssist18269468637524885585.tmp(25): ERROR: 'std_logic' is not declared (VHDL-1241)
C:/Users/Axyom/AppData/Local/Temp/VivadoEditorAssist18269468637524885585.tmp(26): ERROR: 'std_logic_vector' is not declared (VHDL-1241)
C:/Users/Axyom/AppData/Local/Temp/VivadoEditorAssist18269468637524885585.tmp(27): ERROR: 'std_logic_vector' is not declared (VHDL-1241)
C:/Users/Axyom/AppData/Local/Temp/VivadoEditorAssist18269468637524885585.tmp(28): ERROR: 'std_logic' is not declared (VHDL-1241)
C:/Users/Axyom/AppData/Local/Temp/VivadoEditorAssist18269468637524885585.tmp(29): ERROR: 'std_logic' is not declared (VHDL-1241)
C:/Users/Axyom/AppData/Local/Temp/VivadoEditorAssist18269468637524885585.tmp(9): ERROR: semicolon after last interface declaration is only supported in VHDL 1076-2019 (VHDL-1854)
INFO: analyzing architecture 'rtl' of entity 'dma_controller' (VHDL-9006)
C:/Users/Axyom/AppData/Local/Temp/VivadoEditorAssist18269468637524885585.tmp(38): ERROR: 'std_logic_vector' is not declared (VHDL-1241)
C:/Users/Axyom/AppData/Local/Temp/VivadoEditorAssist18269468637524885585.tmp(46): ERROR: 'burst_length' is not declared (VHDL-1241)
C:/Users/Axyom/AppData/Local/Temp/VivadoEditorAssist18269468637524885585.tmp(49): ERROR: 'burst_length' is not declared (VHDL-1241)
C:/Users/Axyom/AppData/Local/Temp/VivadoEditorAssist18269468637524885585.tmp(47): ERROR: 'clk' is not declared (VHDL-1241)
C:/Users/Axyom/AppData/Local/Temp/VivadoEditorAssist18269468637524885585.tmp(44): ERROR: 'rst_n' is not declared (VHDL-1241)
C:/Users/Axyom/AppData/Local/Temp/VivadoEditorAssist18269468637524885585.tmp(44): ERROR: found '0' definitions of operator "=", cannot determine exact overloaded matching definition for "=" (VHDL-1052)
C:/Users/Axyom/AppData/Local/Temp/VivadoEditorAssist18269468637524885585.tmp(42): ERROR: 'clk' is not declared (VHDL-1241)
C:/Users/Axyom/AppData/Local/Temp/VivadoEditorAssist18269468637524885585.tmp(42): ERROR: 'rst_n' is not declared (VHDL-1241)
C:/Users/Axyom/AppData/Local/Temp/VivadoEditorAssist18269468637524885585.tmp(53): WARNING: syntax error near '*' (VHDL-1261)
C:/Users/Axyom/AppData/Local/Temp/VivadoEditorAssist18269468637524885585.tmp(57): ERROR: 'done' is not declared (VHDL-1241)
C:/Users/Axyom/AppData/Local/Temp/VivadoEditorAssist18269468637524885585.tmp(58): ERROR: 'busy' is not declared (VHDL-1241)
C:/Users/Axyom/AppData/Local/Temp/VivadoEditorAssist18269468637524885585.tmp(59): ERROR: 'start_read' is not declared (VHDL-1241)
C:/Users/Axyom/AppData/Local/Temp/VivadoEditorAssist18269468637524885585.tmp(65): ERROR: 'start_read' is not declared (VHDL-1241)
C:/Users/Axyom/AppData/Local/Temp/VivadoEditorAssist18269468637524885585.tmp(66): ERROR: 'busy' is not declared (VHDL-1241)
C:/Users/Axyom/AppData/Local/Temp/VivadoEditorAssist18269468637524885585.tmp(63): ERROR: 'start' is not declared (VHDL-1241)
C:/Users/Axyom/AppData/Local/Temp/VivadoEditorAssist18269468637524885585.tmp(63): ERROR: found '0' definitions of operator "=", cannot determine exact overloaded matching definition for "=" (VHDL-1052)
C:/Users/Axyom/AppData/Local/Temp/VivadoEditorAssist18269468637524885585.tmp(69): ERROR: 'busy' is not declared (VHDL-1241)
C:/Users/Axyom/AppData/Local/Temp/VivadoEditorAssist18269468637524885585.tmp(72): ERROR: 'start_write' is not declared (VHDL-1241)
C:/Users/Axyom/AppData/Local/Temp/VivadoEditorAssist18269468637524885585.tmp(70): ERROR: 'data_ready' is not declared (VHDL-1241)
C:/Users/Axyom/AppData/Local/Temp/VivadoEditorAssist18269468637524885585.tmp(70): ERROR: found '0' definitions of operator "=", cannot determine exact overloaded matching definition for "=" (VHDL-1052)
C:/Users/Axyom/AppData/Local/Temp/VivadoEditorAssist18269468637524885585.tmp(75): ERROR: 'busy' is not declared (VHDL-1241)
C:/Users/Axyom/AppData/Local/Temp/VivadoEditorAssist18269468637524885585.tmp(77): ERROR: 'write_done' is not declared (VHDL-1241)
C:/Users/Axyom/AppData/Local/Temp/VivadoEditorAssist18269468637524885585.tmp(77): ERROR: found '0' definitions of operator "=", cannot determine exact overloaded matching definition for "=" (VHDL-1052)
C:/Users/Axyom/AppData/Local/Temp/VivadoEditorAssist18269468637524885585.tmp(53): WARNING: possible infinite loop; process does not have a wait statement (VHDL-1196)
-- Analyzing VHDL file "C:/Users/Axyom/AppData/Local/Temp/VivadoEditorAssist361477353094556062.tmp" into library xil_defaultlib (VHDL-9003)
INFO: analyzing entity 'dma_engine' (VHDL-1012)
-- Analyzing VHDL file "C:/Users/Axyom/Documents/Projets Pro/DMA-UVM-Project/rtl/axi_write_master_engine.vhd" into library xil_defaultlib (VHDL-9003)
INFO: analyzing entity 'axi_write_master_engine' (VHDL-1012)
-- Analyzing VHDL file "C:/Users/Axyom/Documents/Projets Pro/DMA-UVM-Project/rtl/axi_read_master_engine.vhd" into library xil_defaultlib (VHDL-9003)
INFO: analyzing entity 'axi_read_master_engine' (VHDL-1012)
INFO: analyzing architecture 'rtl' of entity 'axi_read_master_engine' (VHDL-9006)
C:/Users/Axyom/Documents/Projets Pro/DMA-UVM-Project/rtl/axi_read_master_engine.vhd(70): ERROR: this construct is only supported in VHDL 1076-2008 (VHDL-1576)
srcscan exits with return value 0
