#-----------------------------------------------------------
# Vivado v2024.2 (64-bit)
# SW Build 5239630 on Fri Nov 08 22:35:27 MST 2024
# IP Build 5239520 on Sun Nov 10 16:12:51 MST 2024
# SharedData Build 5239561 on Fri Nov 08 14:39:27 MST 2024
# Start of session at: Thu May 22 20:27:47 2025
# Process ID         : 11860
# Current directory  : C:/Users/Axyom/Documents/Projets Pro/DMA-UVM-Project/vivado
# Command line       : vivado.exe -gui_launcher_event rodinguilauncherevent15816 C:\Users\Axyom\Documents\Projets Pro\DMA-UVM-Project\vivado\DMA_project.xpr
# Log file           : C:/Users/Axyom/Documents/Projets Pro/DMA-UVM-Project/vivado/vivado.log
# Journal file       : C:/Users/Axyom/Documents/Projets Pro/DMA-UVM-Project/vivado\vivado.jou
# Running On         : AxyomPC
# Platform           : Windows Server 2016 or Windows 10
# Operating System   : 22631
# Processor Detail   : 12th Gen Intel(R) Core(TM) i5-12400F
# CPU Frequency      : 2496 MHz
# CPU Physical cores : 6
# CPU Logical cores  : 12
# Host memory        : 16984 MB
# Swap memory        : 4294 MB
# Total Virtual      : 21279 MB
# Available Virtual  : 10030 MB
#-----------------------------------------------------------
start_gui
open_project {C:/Users/Axyom/Documents/Projets Pro/DMA-UVM-Project/vivado/DMA_project.xpr}
WARNING: [Board 49-26] cannot add Board Part tul.com.tw:pynq-z2:part0:1.0 available at C:/Users/Axyom/AppData/Roaming/Xilinx/Vivado/2024.2/xhub/board_store/xilinx_board_store/XilinxBoardStore/Vivado/2024.2/boards/TUL/pynq-z2/A.0/1.0/board.xml as part xc7z020clg400-1 specified in board_part file is either invalid or not available
INFO: [filemgmt 56-3] Default IP Output Path : Could not find the directory 'C:/Users/Axyom/Documents/Projets Pro/DMA-UVM-Project/vivado/DMA_project.gen/sources_1'.
CRITICAL WARNING: [Project 1-19] Could not find the file 'C:/Users/Axyom/Documents/Projets Pro/DMA-UVM-Project/vivado/axi_lite_reg_interface_tb_behav.wcfg'.
Scanning sources...
Finished scanning sources
INFO: [IP_Flow 19-234] Refreshing IP repositories
INFO: [IP_Flow 19-1704] No user IP repositories specified
INFO: [IP_Flow 19-2313] Loaded Vivado IP repository 'C:/Xilinx/Vivado/2024.2/data/ip'.
